2021-10-13 15:51:03 0 [Note] InnoDB: Mutexes and rw_locks use Windows interlocked functions
2021-10-13 15:51:03 0 [Note] InnoDB: Uses event mutexes
2021-10-13 15:51:03 0 [Note] InnoDB: Compressed tables use zlib 1.2.11
2021-10-13 15:51:03 0 [Note] InnoDB: Number of pools: 1
2021-10-13 15:51:03 0 [Note] InnoDB: Using SSE2 crc32 instructions
2021-10-13 15:51:03 0 [Note] InnoDB: Initializing buffer pool, total size = 16M, instances = 1, chunk size = 16M
2021-10-13 15:51:03 0 [Note] InnoDB: Completed initialization of buffer pool
2021-10-13 15:51:03 0 [Note] InnoDB: Starting crash recovery from checkpoint LSN=300288
2021-10-13 15:51:03 0 [Note] InnoDB: 128 out of 128 rollback segments are active.
2021-10-13 15:51:03 0 [Note] InnoDB: Removed temporary tablespace data file: "ibtmp1"
2021-10-13 15:51:03 0 [Note] InnoDB: Creating shared tablespace for temporary tables
2021-10-13 15:51:03 0 [Note] InnoDB: Setting file '\Users\pawelz\Desktop\xampp8\mysql\data\ibtmp1' size to 12 MB. Physically writing the file full; Please wait ...
2021-10-13 15:51:03 0 [Note] InnoDB: File '\Users\pawelz\Desktop\xampp8\mysql\data\ibtmp1' size is now 12 MB.
2021-10-13 15:51:03 0 [Note] InnoDB: Waiting for purge to start
2021-10-13 15:51:04 0 [Note] InnoDB: 10.4.21 started; log sequence number 300297; transaction id 170
2021-10-13 15:51:04 0 [Note] InnoDB: Loading buffer pool(s) from C:\Users\pawelz\Desktop\xampp8\mysql\data\ib_buffer_pool
2021-10-13 15:51:04 0 [Note] Plugin 'FEEDBACK' is disabled.
2021-10-13 15:51:04 0 [Note] InnoDB: Buffer pool(s) load completed at 211013 15:51:04
2021-10-13 15:51:04 0 [Note] Server socket created on IP: '::'.
2021-10-13 15:51:04 0 [Note] Reading of all Master_info entries succeeded
2021-10-13 15:51:04 0 [Note] Added new Master_info '' to hash table
2021-10-13 15:51:04 0 [Note] mysql\bin\mysqld.exe: ready for connections.
Version: '10.4.21-MariaDB'  socket: ''  port: 3306  mariadb.org binary distribution
2021-10-13 15:53:15 0 [Note] mysql\bin\mysqld.exe (initiated by: unknown): Normal shutdown
2021-10-13 15:53:15 0 [Note] Event Scheduler: Purging the queue. 0 events
2021-10-13 15:53:15 0 [Note] InnoDB: FTS optimize thread exiting.
2021-10-13 15:53:15 0 [Note] InnoDB: Starting shutdown...
2021-10-13 15:53:15 0 [Note] InnoDB: Dumping buffer pool(s) to C:\Users\pawelz\Desktop\xampp8\mysql\data\ib_buffer_pool
2021-10-13 15:53:15 0 [Note] InnoDB: Instance 0, restricted to 250 pages due to innodb_buf_pool_dump_pct=25
2021-10-13 15:53:15 0 [Note] InnoDB: Buffer pool(s) dump completed at 211013 15:53:15
2021-10-13 15:53:16 0 [Note] InnoDB: Removed temporary tablespace data file: "ibtmp1"
2021-10-13 15:53:16 0 [Note] InnoDB: Shutdown completed; log sequence number 300315; transaction id 171
2021-10-13 15:53:16 0 [Note] mysql\bin\mysqld.exe: Shutdown complete

2021-10-13 15:53:27 0 [Note] InnoDB: Mutexes and rw_locks use Windows interlocked functions
2021-10-13 15:53:27 0 [Note] InnoDB: Uses event mutexes
2021-10-13 15:53:27 0 [Note] InnoDB: Compressed tables use zlib 1.2.11
2021-10-13 15:53:27 0 [Note] InnoDB: Number of pools: 1
2021-10-13 15:53:27 0 [Note] InnoDB: Using SSE2 crc32 instructions
2021-10-13 15:53:27 0 [Note] InnoDB: Initializing buffer pool, total size = 16M, instances = 1, chunk size = 16M
2021-10-13 15:53:27 0 [Note] InnoDB: Completed initialization of buffer pool
2021-10-13 15:53:27 0 [Note] InnoDB: 128 out of 128 rollback segments are active.
2021-10-13 15:53:27 0 [Note] InnoDB: Creating shared tablespace for temporary tables
2021-10-13 15:53:27 0 [Note] InnoDB: Setting file '\Users\pawelz\Desktop\xampp8\mysql\data\ibtmp1' size to 12 MB. Physically writing the file full; Please wait ...
2021-10-13 15:53:27 0 [Note] InnoDB: File '\Users\pawelz\Desktop\xampp8\mysql\data\ibtmp1' size is now 12 MB.
2021-10-13 15:53:27 0 [Note] InnoDB: Waiting for purge to start
2021-10-13 15:53:27 0 [Note] InnoDB: 10.4.21 started; log sequence number 300315; transaction id 170
2021-10-13 15:53:27 0 [Note] InnoDB: Loading buffer pool(s) from C:\Users\pawelz\Desktop\xampp8\mysql\data\ib_buffer_pool
2021-10-13 15:53:27 0 [Note] Plugin 'FEEDBACK' is disabled.
2021-10-13 15:53:27 0 [Note] Server socket created on IP: '::'.
2021-10-13 15:53:27 0 [Note] InnoDB: Buffer pool(s) load completed at 211013 15:53:27
2021-10-13 15:53:27 0 [Note] Reading of all Master_info entries succeeded
2021-10-13 15:53:27 0 [Note] Added new Master_info '' to hash table
2021-10-13 15:53:27 0 [Note] mysql\bin\mysqld.exe: ready for connections.
Version: '10.4.21-MariaDB'  socket: ''  port: 3306  mariadb.org binary distribution
2021-10-13 16:14:22 0 [Note] mysql\bin\mysqld.exe (initiated by: unknown): Normal shutdown
2021-10-13 16:14:22 0 [Note] Event Scheduler: Purging the queue. 0 events
2021-10-13 16:14:22 0 [Note] InnoDB: FTS optimize thread exiting.
2021-10-13 16:14:22 0 [Note] InnoDB: Starting shutdown...
2021-10-13 16:14:22 0 [Note] InnoDB: Dumping buffer pool(s) to C:\Users\pawelz\Desktop\xampp8\mysql\data\ib_buffer_pool
2021-10-13 16:14:22 0 [Note] InnoDB: Instance 0, restricted to 250 pages due to innodb_buf_pool_dump_pct=25
2021-10-13 16:14:22 0 [Note] InnoDB: Buffer pool(s) dump completed at 211013 16:14:22
2021-10-13 16:14:23 0 [Note] InnoDB: Removed temporary tablespace data file: "ibtmp1"
2021-10-13 16:14:23 0 [Note] InnoDB: Shutdown completed; log sequence number 300324; transaction id 171
2021-10-13 16:14:23 0 [Note] mysql\bin\mysqld.exe: Shutdown complete

2022-11-08 17:12:50 0 [Note] InnoDB: Mutexes and rw_locks use Windows interlocked functions
2022-11-08 17:12:50 0 [Note] InnoDB: Uses event mutexes
2022-11-08 17:12:50 0 [Note] InnoDB: Compressed tables use zlib 1.2.11
2022-11-08 17:12:50 0 [Note] InnoDB: Number of pools: 1
2022-11-08 17:12:50 0 [Note] InnoDB: Using SSE2 crc32 instructions
2022-11-08 17:12:50 0 [Note] InnoDB: Initializing buffer pool, total size = 16M, instances = 1, chunk size = 16M
2022-11-08 17:12:50 0 [Note] InnoDB: Completed initialization of buffer pool
2022-11-08 17:12:50 0 [Note] InnoDB: 128 out of 128 rollback segments are active.
2022-11-08 17:12:50 0 [Note] InnoDB: Creating shared tablespace for temporary tables
2022-11-08 17:12:50 0 [Note] InnoDB: Setting file '\Users\Msop\Desktop\pai\xampp8\mysql\data\ibtmp1' size to 12 MB. Physically writing the file full; Please wait ...
2022-11-08 17:12:50 0 [Note] InnoDB: File '\Users\Msop\Desktop\pai\xampp8\mysql\data\ibtmp1' size is now 12 MB.
2022-11-08 17:12:50 0 [Note] InnoDB: Waiting for purge to start
2022-11-08 17:12:50 0 [Note] InnoDB: 10.4.21 started; log sequence number 300324; transaction id 170
2022-11-08 17:12:50 0 [Note] InnoDB: Loading buffer pool(s) from C:\Users\Msop\Desktop\pai\xampp8\mysql\data\ib_buffer_pool
2022-11-08 17:12:50 0 [Note] Plugin 'FEEDBACK' is disabled.
2022-11-08 17:12:50 0 [Note] InnoDB: Buffer pool(s) load completed at 221108 17:12:50
2022-11-08 17:12:50 0 [Note] Server socket created on IP: '::'.
2022-11-08 17:12:51 0 [Note] Reading of all Master_info entries succeeded
2022-11-08 17:12:51 0 [Note] Added new Master_info '' to hash table
2022-11-08 17:12:51 0 [Note] mysql\bin\mysqld.exe: ready for connections.
Version: '10.4.21-MariaDB'  socket: ''  port: 3306  mariadb.org binary distribution
2022-11-08 17:13:22 0 [Note] mysql\bin\mysqld.exe (initiated by: unknown): Normal shutdown
2022-11-08 17:13:22 0 [Note] Event Scheduler: Purging the queue. 0 events
2022-11-08 17:13:22 0 [Note] InnoDB: FTS optimize thread exiting.
2022-11-08 17:13:22 0 [Note] InnoDB: Starting shutdown...
2022-11-08 17:13:22 0 [Note] InnoDB: Dumping buffer pool(s) to C:\Users\Msop\Desktop\pai\xampp8\mysql\data\ib_buffer_pool
2022-11-08 17:13:22 0 [Note] InnoDB: Instance 0, restricted to 250 pages due to innodb_buf_pool_dump_pct=25
2022-11-08 17:13:22 0 [Note] InnoDB: Buffer pool(s) dump completed at 221108 17:13:22
2022-11-08 17:13:23 0 [Note] InnoDB: Removed temporary tablespace data file: "ibtmp1"
2022-11-08 17:13:23 0 [Note] InnoDB: Shutdown completed; log sequence number 300333; transaction id 171
2022-11-08 17:13:23 0 [Note] mysql\bin\mysqld.exe: Shutdown complete

2022-11-08 17:22:39 0 [Note] InnoDB: Mutexes and rw_locks use Windows interlocked functions
2022-11-08 17:22:39 0 [Note] InnoDB: Uses event mutexes
2022-11-08 17:22:39 0 [Note] InnoDB: Compressed tables use zlib 1.2.11
2022-11-08 17:22:39 0 [Note] InnoDB: Number of pools: 1
2022-11-08 17:22:39 0 [Note] InnoDB: Using SSE2 crc32 instructions
2022-11-08 17:22:39 0 [Note] InnoDB: Initializing buffer pool, total size = 16M, instances = 1, chunk size = 16M
2022-11-08 17:22:39 0 [Note] InnoDB: Completed initialization of buffer pool
2022-11-08 17:22:39 0 [Note] InnoDB: 128 out of 128 rollback segments are active.
2022-11-08 17:22:39 0 [Note] InnoDB: Creating shared tablespace for temporary tables
2022-11-08 17:22:39 0 [Note] InnoDB: Setting file '\Users\Msop\Desktop\pai\xampp8\mysql\data\ibtmp1' size to 12 MB. Physically writing the file full; Please wait ...
2022-11-08 17:22:39 0 [Note] InnoDB: File '\Users\Msop\Desktop\pai\xampp8\mysql\data\ibtmp1' size is now 12 MB.
2022-11-08 17:22:39 0 [Note] InnoDB: Waiting for purge to start
2022-11-08 17:22:39 0 [Note] InnoDB: 10.4.21 started; log sequence number 300333; transaction id 170
2022-11-08 17:22:39 0 [Note] InnoDB: Loading buffer pool(s) from C:\Users\Msop\Desktop\pai\xampp8\mysql\data\ib_buffer_pool
2022-11-08 17:22:39 0 [Note] Plugin 'FEEDBACK' is disabled.
2022-11-08 17:22:39 0 [Note] Server socket created on IP: '::'.
2022-11-08 17:22:39 0 [Note] InnoDB: Buffer pool(s) load completed at 221108 17:22:39
2022-11-08 17:22:39 0 [Note] Reading of all Master_info entries succeeded
2022-11-08 17:22:39 0 [Note] Added new Master_info '' to hash table
2022-11-08 17:22:39 0 [Note] mysql\bin\mysqld.exe: ready for connections.
Version: '10.4.21-MariaDB'  socket: ''  port: 3306  mariadb.org binary distribution
2022-11-08 17:22:59 0 [Note] mysql\bin\mysqld.exe (initiated by: unknown): Normal shutdown
2022-11-08 17:22:59 0 [Note] Event Scheduler: Purging the queue. 0 events
2022-11-08 17:22:59 0 [Note] InnoDB: FTS optimize thread exiting.
2022-11-08 17:22:59 0 [Note] InnoDB: Starting shutdown...
2022-11-08 17:22:59 0 [Note] InnoDB: Dumping buffer pool(s) to C:\Users\Msop\Desktop\pai\xampp8\mysql\data\ib_buffer_pool
2022-11-08 17:22:59 0 [Note] InnoDB: Instance 0, restricted to 250 pages due to innodb_buf_pool_dump_pct=25
2022-11-08 17:22:59 0 [Note] InnoDB: Buffer pool(s) dump completed at 221108 17:22:59
2022-11-08 17:23:00 0 [Note] InnoDB: Removed temporary tablespace data file: "ibtmp1"
2022-11-08 17:23:00 0 [Note] InnoDB: Shutdown completed; log sequence number 300342; transaction id 171
2022-11-08 17:23:00 0 [Note] mysql\bin\mysqld.exe: Shutdown complete

2022-11-08 17:23:24 0 [Note] InnoDB: Mutexes and rw_locks use Windows interlocked functions
2022-11-08 17:23:24 0 [Note] InnoDB: Uses event mutexes
2022-11-08 17:23:24 0 [Note] InnoDB: Compressed tables use zlib 1.2.11
2022-11-08 17:23:24 0 [Note] InnoDB: Number of pools: 1
2022-11-08 17:23:24 0 [Note] InnoDB: Using SSE2 crc32 instructions
2022-11-08 17:23:24 0 [Note] InnoDB: Initializing buffer pool, total size = 16M, instances = 1, chunk size = 16M
2022-11-08 17:23:24 0 [Note] InnoDB: Completed initialization of buffer pool
2022-11-08 17:23:24 0 [Note] InnoDB: 128 out of 128 rollback segments are active.
2022-11-08 17:23:24 0 [Note] InnoDB: Creating shared tablespace for temporary tables
2022-11-08 17:23:24 0 [Note] InnoDB: Setting file '\Users\Msop\Desktop\pai\xampp8\mysql\data\ibtmp1' size to 12 MB. Physically writing the file full; Please wait ...
2022-11-08 17:23:24 0 [Note] InnoDB: File '\Users\Msop\Desktop\pai\xampp8\mysql\data\ibtmp1' size is now 12 MB.
2022-11-08 17:23:24 0 [Note] InnoDB: Waiting for purge to start
2022-11-08 17:23:24 0 [Note] InnoDB: 10.4.21 started; log sequence number 300342; transaction id 170
2022-11-08 17:23:24 0 [Note] InnoDB: Loading buffer pool(s) from C:\Users\Msop\Desktop\pai\xampp8\mysql\data\ib_buffer_pool
2022-11-08 17:23:24 0 [Note] Plugin 'FEEDBACK' is disabled.
2022-11-08 17:23:24 0 [Note] Server socket created on IP: '::'.
2022-11-08 22:55:41 0 [Note] InnoDB: Mutexes and rw_locks use Windows interlocked functions
2022-11-08 22:55:41 0 [Note] InnoDB: Uses event mutexes
2022-11-08 22:55:41 0 [Note] InnoDB: Compressed tables use zlib 1.2.11
2022-11-08 22:55:41 0 [Note] InnoDB: Number of pools: 1
2022-11-08 22:55:41 0 [Note] InnoDB: Using SSE2 crc32 instructions
2022-11-08 22:55:41 0 [Note] InnoDB: Initializing buffer pool, total size = 16M, instances = 1, chunk size = 16M
2022-11-08 22:55:41 0 [Note] InnoDB: Completed initialization of buffer pool
2022-11-08 22:55:41 0 [Note] InnoDB: Starting crash recovery from checkpoint LSN=300342
2022-11-08 22:55:42 0 [Note] InnoDB: 128 out of 128 rollback segments are active.
2022-11-08 22:55:42 0 [Note] InnoDB: Removed temporary tablespace data file: "ibtmp1"
2022-11-08 22:55:42 0 [Note] InnoDB: Creating shared tablespace for temporary tables
2022-11-08 22:55:42 0 [Note] InnoDB: Setting file '\Users\Msop\Desktop\pai\xampp8\mysql\data\ibtmp1' size to 12 MB. Physically writing the file full; Please wait ...
2022-11-08 22:55:42 0 [Note] InnoDB: File '\Users\Msop\Desktop\pai\xampp8\mysql\data\ibtmp1' size is now 12 MB.
2022-11-08 22:55:42 0 [Note] InnoDB: Waiting for purge to start
2022-11-08 22:55:42 0 [Note] InnoDB: 10.4.21 started; log sequence number 300351; transaction id 170
2022-11-08 22:55:42 0 [Note] InnoDB: Loading buffer pool(s) from C:\Users\Msop\Desktop\pai\xampp8\mysql\data\ib_buffer_pool
2022-11-08 22:55:42 0 [Note] Plugin 'FEEDBACK' is disabled.
2022-11-08 22:55:42 0 [Note] Server socket created on IP: '::'.
2022-11-08 22:55:42 0 [Note] InnoDB: Buffer pool(s) load completed at 221108 22:55:42
2022-11-08 22:55:42 0 [Note] Reading of all Master_info entries succeeded
2022-11-08 22:55:42 0 [Note] Added new Master_info '' to hash table
2022-11-08 22:55:42 0 [Note] mysql\bin\mysqld.exe: ready for connections.
Version: '10.4.21-MariaDB'  socket: ''  port: 3306  mariadb.org binary distribution
