[Wed Oct 13 15:51:04.428794 2021] [ssl:warn] [pid 22708:tid 628] AH01909: www.example.com:443:0 server certificate does NOT include an ID which matches the server name
[Wed Oct 13 15:51:04.460796 2021] [ssl:warn] [pid 22708:tid 628] AH01909: www.example.com:443:0 server certificate does NOT include an ID which matches the server name
[Wed Oct 13 15:51:04.663796 2021] [mpm_winnt:notice] [pid 22708:tid 628] AH00455: Apache/2.4.51 (Win64) OpenSSL/1.1.1l PHP/8.0.11 configured -- resuming normal operations
[Wed Oct 13 15:51:04.663796 2021] [mpm_winnt:notice] [pid 22708:tid 628] AH00456: Apache Lounge VS16 Server built: Oct  7 2021 16:27:02
[Wed Oct 13 15:51:04.663796 2021] [core:notice] [pid 22708:tid 628] AH00094: Command line: 'apache\\bin\\httpd.exe -d C:/Users/pawelz/Desktop/xampp8/apache -f conf\\httpd.conf'
[Wed Oct 13 15:51:04.672797 2021] [mpm_winnt:notice] [pid 22708:tid 628] AH00418: Parent: Created child process 10136
[Wed Oct 13 15:51:05.037793 2021] [ssl:warn] [pid 10136:tid 616] AH01909: www.example.com:443:0 server certificate does NOT include an ID which matches the server name
[Wed Oct 13 15:51:05.070796 2021] [ssl:warn] [pid 10136:tid 616] AH01909: www.example.com:443:0 server certificate does NOT include an ID which matches the server name
[Wed Oct 13 15:51:05.088795 2021] [mpm_winnt:notice] [pid 10136:tid 616] AH00354: Child: Starting 150 worker threads.
[Wed Oct 13 15:53:15.618860 2021] [mpm_winnt:notice] [pid 22708:tid 628] AH00422: Parent: Received shutdown signal -- Shutting down the server.
[Wed Oct 13 15:53:17.620956 2021] [mpm_winnt:notice] [pid 10136:tid 616] AH00364: Child: All worker threads have exited.
[Wed Oct 13 15:53:17.640957 2021] [mpm_winnt:notice] [pid 22708:tid 628] AH00430: Parent: Child process 10136 exited successfully.
[Wed Oct 13 15:53:27.306707 2021] [ssl:warn] [pid 27212:tid 168] AH01909: www.example.com:443:0 server certificate does NOT include an ID which matches the server name
[Wed Oct 13 15:53:27.336710 2021] [ssl:warn] [pid 27212:tid 168] AH01909: www.example.com:443:0 server certificate does NOT include an ID which matches the server name
PHP Warning:  Module "openssl" is already loaded in Unknown on line 0
[Wed Oct 13 15:53:27.425709 2021] [mpm_winnt:notice] [pid 27212:tid 168] AH00455: Apache/2.4.51 (Win64) OpenSSL/1.1.1l PHP/8.0.11 configured -- resuming normal operations
[Wed Oct 13 15:53:27.425709 2021] [mpm_winnt:notice] [pid 27212:tid 168] AH00456: Apache Lounge VS16 Server built: Oct  7 2021 16:27:02
[Wed Oct 13 15:53:27.425709 2021] [core:notice] [pid 27212:tid 168] AH00094: Command line: 'apache\\bin\\httpd.exe -d C:/Users/pawelz/Desktop/xampp8/apache -f conf\\httpd.conf'
[Wed Oct 13 15:53:27.433708 2021] [mpm_winnt:notice] [pid 27212:tid 168] AH00418: Parent: Created child process 28436
[Wed Oct 13 15:53:27.633708 2021] [ssl:warn] [pid 28436:tid 632] AH01909: www.example.com:443:0 server certificate does NOT include an ID which matches the server name
[Wed Oct 13 15:53:27.661709 2021] [ssl:warn] [pid 28436:tid 632] AH01909: www.example.com:443:0 server certificate does NOT include an ID which matches the server name
PHP Warning:  Module "openssl" is already loaded in Unknown on line 0
[Wed Oct 13 15:53:27.681710 2021] [mpm_winnt:notice] [pid 28436:tid 632] AH00354: Child: Starting 150 worker threads.
[Wed Oct 13 16:14:22.441450 2021] [mpm_winnt:notice] [pid 27212:tid 168] AH00422: Parent: Received shutdown signal -- Shutting down the server.
[Wed Oct 13 16:14:24.443100 2021] [mpm_winnt:notice] [pid 28436:tid 632] AH00364: Child: All worker threads have exited.
[Wed Oct 13 16:14:24.464103 2021] [mpm_winnt:notice] [pid 27212:tid 168] AH00430: Parent: Child process 28436 exited successfully.
[Tue Nov 08 17:13:12.627558 2022] [ssl:warn] [pid 2092:tid 556] AH01909: www.example.com:443:0 server certificate does NOT include an ID which matches the server name
[Tue Nov 08 17:13:12.665472 2022] [ssl:warn] [pid 2092:tid 556] AH01909: www.example.com:443:0 server certificate does NOT include an ID which matches the server name
[Tue Nov 08 17:13:13.375479 2022] [mpm_winnt:notice] [pid 2092:tid 556] AH00455: Apache/2.4.51 (Win64) OpenSSL/1.1.1l PHP/8.0.11 configured -- resuming normal operations
[Tue Nov 08 17:13:13.375479 2022] [mpm_winnt:notice] [pid 2092:tid 556] AH00456: Apache Lounge VS16 Server built: Oct  7 2021 16:27:02
[Tue Nov 08 17:13:13.375479 2022] [core:notice] [pid 2092:tid 556] AH00094: Command line: 'apache\\bin\\httpd.exe -d C:/Users/Msop/Desktop/pai/xampp8/apache -f conf\\httpd.conf'
[Tue Nov 08 17:13:13.379428 2022] [mpm_winnt:notice] [pid 2092:tid 556] AH00418: Parent: Created child process 12652
Apache server shutdown initiated...
sl:warn] [pid 12652:tid 612] AH01909: www.example.com:443:0 server certificate does NOT include an ID which matches the server name
[Tue Nov 08 17:13:13.844420 2022] [ssl:warn] [pid 12652:tid 612] AH01909: www.example.com:443:0 server certificate does NOT include an ID which matches the server name
[Tue Nov 08 17:13:13.867341 2022] [mpm_winnt:notice] [pid 12652:tid 612] AH00354: Child: Starting 150 worker threads.
[Tue Nov 08 17:13:40.161756 2022] [mpm_winnt:notice] [pid 2092:tid 556] AH00422: Parent: Received shutdown signal -- Shutting down the server.
[Tue Nov 08 17:13:42.182612 2022] [mpm_winnt:notice] [pid 12652:tid 612] AH00364: Child: All worker threads have exited.
[Tue Nov 08 17:13:42.208123 2022] [mpm_winnt:notice] [pid 2092:tid 556] AH00430: Parent: Child process 12652 exited successfully.
[Tue Nov 08 17:22:39.964419 2022] [ssl:warn] [pid 9040:tid 588] AH01909: www.example.com:443:0 server certificate does NOT include an ID which matches the server name
[Tue Nov 08 17:22:39.997700 2022] [ssl:warn] [pid 9040:tid 588] AH01909: www.example.com:443:0 server certificate does NOT include an ID which matches the server name
[Tue Nov 08 17:22:40.018517 2022] [mpm_winnt:notice] [pid 9040:tid 588] AH00455: Apache/2.4.51 (Win64) OpenSSL/1.1.1l PHP/8.0.11 configured -- resuming normal operations
[Tue Nov 08 17:22:40.018517 2022] [mpm_winnt:notice] [pid 9040:tid 588] AH00456: Apache Lounge VS16 Server built: Oct  7 2021 16:27:02
[Tue Nov 08 17:22:40.018517 2022] [core:notice] [pid 9040:tid 588] AH00094: Command line: 'apache\\bin\\httpd.exe -d C:/Users/Msop/Desktop/pai/xampp8/apache -f conf\\httpd.conf'
[Tue Nov 08 17:22:40.021470 2022] [mpm_winnt:notice] [pid 9040:tid 588] AH00418: Parent: Created child process 2716
[Tue Nov 08 17:22:40.316968 2022] [ssl:warn] [pid 2716:tid 596] AH01909: www.example.com:443:0 server certificate does NOT include an ID which matches the server name
[Tue Nov 08 17:22:40.348653 2022] [ssl:warn] [pid 2716:tid 596] AH01909: www.example.com:443:0 server certificate does NOT include an ID which matches the server name
[Tue Nov 08 17:22:40.370626 2022] [mpm_winnt:notice] [pid 2716:tid 596] AH00354: Child: Starting 150 worker threads.
[Tue Nov 08 17:22:59.126673 2022] [mpm_winnt:notice] [pid 9040:tid 588] AH00422: Parent: Received shutdown signal -- Shutting down the server.
[Tue Nov 08 17:23:01.154832 2022] [mpm_winnt:notice] [pid 2716:tid 596] AH00364: Child: All worker threads have exited.
[Tue Nov 08 17:23:01.200409 2022] [mpm_winnt:notice] [pid 9040:tid 588] AH00430: Parent: Child process 2716 exited successfully.
[Tue Nov 08 17:23:19.067759 2022] [ssl:warn] [pid 13272:tid 612] AH01909: www.example.com:443:0 server certificate does NOT include an ID which matches the server name
[Tue Nov 08 17:23:19.101668 2022] [ssl:warn] [pid 13272:tid 612] AH01909: www.example.com:443:0 server certificate does NOT include an ID which matches the server name
[Tue Nov 08 17:23:19.122612 2022] [mpm_winnt:notice] [pid 13272:tid 612] AH00455: Apache/2.4.51 (Win64) OpenSSL/1.1.1l PHP/8.0.11 configured -- resuming normal operations
[Tue Nov 08 17:23:19.122612 2022] [mpm_winnt:notice] [pid 13272:tid 612] AH00456: Apache Lounge VS16 Server built: Oct  7 2021 16:27:02
[Tue Nov 08 17:23:19.122612 2022] [core:notice] [pid 13272:tid 612] AH00094: Command line: 'c:\\users\\msop\\desktop\\pai\\xampp8\\apache\\bin\\httpd.exe -d C:/Users/Msop/Desktop/pai/xampp8/apache'
[Tue Nov 08 17:23:19.125642 2022] [mpm_winnt:notice] [pid 13272:tid 612] AH00418: Parent: Created child process 3880
[Tue Nov 08 17:23:19.415452 2022] [ssl:warn] [pid 3880:tid 564] AH01909: www.example.com:443:0 server certificate does NOT include an ID which matches the server name
[Tue Nov 08 17:23:19.445688 2022] [ssl:warn] [pid 3880:tid 564] AH01909: www.example.com:443:0 server certificate does NOT include an ID which matches the server name
[Tue Nov 08 17:23:19.469630 2022] [mpm_winnt:notice] [pid 3880:tid 564] AH00354: Child: Starting 150 worker threads.
[Tue Nov 08 17:23:19.942893 2022] [mpm_winnt:crit] [pid 3880:tid 564] AH02538: Child: Parent process exited abruptly. Child process is ending
[Tue Nov 08 17:23:22.189984 2022] [ssl:warn] [pid 296:tid 616] AH01909: www.example.com:443:0 server certificate does NOT include an ID which matches the server name
[Tue Nov 08 17:23:22.232711 2022] [core:warn] [pid 296:tid 616] AH00098: pid file C:/Users/Msop/Desktop/pai/xampp8/apache/logs/httpd.pid overwritten -- Unclean shutdown of previous Apache run?
[Tue Nov 08 17:23:22.235101 2022] [ssl:warn] [pid 296:tid 616] AH01909: www.example.com:443:0 server certificate does NOT include an ID which matches the server name
[Tue Nov 08 17:23:22.257605 2022] [mpm_winnt:notice] [pid 296:tid 616] AH00455: Apache/2.4.51 (Win64) OpenSSL/1.1.1l PHP/8.0.11 configured -- resuming normal operations
[Tue Nov 08 17:23:22.257605 2022] [mpm_winnt:notice] [pid 296:tid 616] AH00456: Apache Lounge VS16 Server built: Oct  7 2021 16:27:02
[Tue Nov 08 17:23:22.257605 2022] [core:notice] [pid 296:tid 616] AH00094: Command line: 'c:\\users\\msop\\desktop\\pai\\xampp8\\apache\\bin\\httpd.exe -d C:/Users/Msop/Desktop/pai/xampp8/apache'
[Tue Nov 08 17:23:22.260596 2022] [mpm_winnt:notice] [pid 296:tid 616] AH00418: Parent: Created child process 8644
[Tue Nov 08 17:23:22.700194 2022] [ssl:warn] [pid 8644:tid 624] AH01909: www.example.com:443:0 server certificate does NOT include an ID which matches the server name
[Tue Nov 08 17:23:22.730655 2022] [ssl:warn] [pid 8644:tid 624] AH01909: www.example.com:443:0 server certificate does NOT include an ID which matches the server name
[Tue Nov 08 17:23:22.751600 2022] [mpm_winnt:notice] [pid 8644:tid 624] AH00354: Child: Starting 150 worker threads.
[Tue Nov 08 22:17:58.815954 2022] [php:warn] [pid 8644:tid 680] [client 127.0.0.1:65279] PHP Warning:  Undefined property: Application\\Controller\\IndexController::$miesiace in C:\\Users\\Msop\\Desktop\\pai\\xampp8\\htdocs\\pai\\module\\Application\\src\\Controller\\IndexController.php on line 32
[Tue Nov 08 22:26:26.372721 2022] [php:warn] [pid 8644:tid 732] [client 127.0.0.1:65319] PHP Warning:  Undefined property: Application\\Controller\\IndexController::$miesiace in C:\\Users\\Msop\\Desktop\\pai\\xampp8\\htdocs\\pai\\module\\Application\\src\\Controller\\IndexController.php on line 32
[Tue Nov 08 22:31:05.564373 2022] [php:warn] [pid 8644:tid 680] [client 127.0.0.1:65378] PHP Warning:  Undefined variable $dni_tygodnia in C:\\Users\\Msop\\Desktop\\pai\\xampp8\\htdocs\\pai\\module\\Application\\view\\application\\index\\data.phtml on line 7
[Tue Nov 08 22:31:05.564373 2022] [php:warn] [pid 8644:tid 680] [client 127.0.0.1:65378] PHP Warning:  foreach() argument must be of type array|object, null given in C:\\Users\\Msop\\Desktop\\pai\\xampp8\\htdocs\\pai\\module\\Application\\view\\application\\index\\data.phtml on line 7
[Tue Nov 08 22:36:08.260635 2022] [php:warn] [pid 8644:tid 680] [client 127.0.0.1:65392] PHP Warning:  Undefined property: Application\\Controller\\IndexController::$miesiace in C:\\Users\\Msop\\Desktop\\pai\\xampp8\\htdocs\\pai\\module\\Application\\src\\Controller\\IndexController.php on line 36
[Tue Nov 08 22:50:47.288266 2022] [php:warn] [pid 8644:tid 732] [client 127.0.0.1:65410] PHP Warning:  Undefined variable $x in C:\\Users\\Msop\\Desktop\\pai\\xampp8\\htdocs\\pai\\module\\Application\\view\\application\\index\\liczby.phtml on line 7
[Tue Nov 08 22:50:47.288266 2022] [php:warn] [pid 8644:tid 732] [client 127.0.0.1:65410] PHP Warning:  Undefined variable $x in C:\\Users\\Msop\\Desktop\\pai\\xampp8\\htdocs\\pai\\module\\Application\\view\\application\\index\\liczby.phtml on line 9
[Tue Nov 08 22:55:42.363105 2022] [ssl:warn] [pid 8816:tid 604] AH01909: www.example.com:443:0 server certificate does NOT include an ID which matches the server name
[Tue Nov 08 22:55:42.448891 2022] [core:warn] [pid 8816:tid 604] AH00098: pid file C:/Users/Msop/Desktop/pai/xampp8/apache/logs/httpd.pid overwritten -- Unclean shutdown of previous Apache run?
[Tue Nov 08 22:55:42.458556 2022] [ssl:warn] [pid 8816:tid 604] AH01909: www.example.com:443:0 server certificate does NOT include an ID which matches the server name
[Tue Nov 08 22:55:42.503452 2022] [mpm_winnt:notice] [pid 8816:tid 604] AH00455: Apache/2.4.51 (Win64) OpenSSL/1.1.1l PHP/8.0.11 configured -- resuming normal operations
[Tue Nov 08 22:55:42.503452 2022] [mpm_winnt:notice] [pid 8816:tid 604] AH00456: Apache Lounge VS16 Server built: Oct  7 2021 16:27:02
[Tue Nov 08 22:55:42.503452 2022] [core:notice] [pid 8816:tid 604] AH00094: Command line: 'apache\\bin\\httpd.exe -d C:/Users/Msop/Desktop/pai/xampp8/apache -f conf\\httpd.conf'
[Tue Nov 08 22:55:42.522884 2022] [mpm_winnt:notice] [pid 8816:tid 604] AH00418: Parent: Created child process 9088
Apache server shutdown initiated...
sl:warn] [pid 9088:tid 624] AH01909: www.example.com:443:0 server certificate does NOT include an ID which matches the server name
[Tue Nov 08 22:55:43.435079 2022] [ssl:warn] [pid 9088:tid 624] AH01909: www.example.com:443:0 server certificate does NOT include an ID which matches the server name
[Tue Nov 08 22:55:43.489698 2022] [mpm_winnt:notice] [pid 9088:tid 624] AH00354: Child: Starting 150 worker threads.
[Tue Nov 08 22:55:47.715899 2022] [php:warn] [pid 9088:tid 1888] [client 127.0.0.1:65443] PHP Warning:  Undefined variable $dni_tygodnia in C:\\Users\\Msop\\Desktop\\pai\\xampp8\\htdocs\\pai\\module\\Application\\view\\application\\index\\data.phtml on line 7
[Tue Nov 08 22:55:47.715899 2022] [php:warn] [pid 9088:tid 1888] [client 127.0.0.1:65443] PHP Warning:  foreach() argument must be of type array|object, null given in C:\\Users\\Msop\\Desktop\\pai\\xampp8\\htdocs\\pai\\module\\Application\\view\\application\\index\\data.phtml on line 7
[Tue Nov 08 22:55:51.127405 2022] [php:warn] [pid 9088:tid 1888] [client 127.0.0.1:65444] PHP Warning:  Undefined variable $dni_tygodnia in C:\\Users\\Msop\\Desktop\\pai\\xampp8\\htdocs\\pai\\module\\Application\\view\\application\\index\\data.phtml on line 7
[Tue Nov 08 22:55:51.127405 2022] [php:warn] [pid 9088:tid 1888] [client 127.0.0.1:65444] PHP Warning:  foreach() argument must be of type array|object, null given in C:\\Users\\Msop\\Desktop\\pai\\xampp8\\htdocs\\pai\\module\\Application\\view\\application\\index\\data.phtml on line 7
[Tue Nov 08 22:55:54.154888 2022] [mpm_winnt:notice] [pid 8816:tid 604] AH00422: Parent: Received shutdown signal -- Shutting down the server.
[Tue Nov 08 22:55:56.291376 2022] [mpm_winnt:notice] [pid 9088:tid 624] AH00364: Child: All worker threads have exited.
[Tue Nov 08 22:55:56.346076 2022] [mpm_winnt:notice] [pid 8816:tid 604] AH00430: Parent: Child process 9088 exited successfully.
[Tue Nov 08 22:56:04.919299 2022] [ssl:warn] [pid 13124:tid 596] AH01909: www.example.com:443:0 server certificate does NOT include an ID which matches the server name
[Tue Nov 08 22:56:05.022862 2022] [ssl:warn] [pid 13124:tid 596] AH01909: www.example.com:443:0 server certificate does NOT include an ID which matches the server name
[Tue Nov 08 22:56:05.075021 2022] [mpm_winnt:notice] [pid 13124:tid 596] AH00455: Apache/2.4.51 (Win64) OpenSSL/1.1.1l PHP/8.0.11 configured -- resuming normal operations
[Tue Nov 08 22:56:05.075021 2022] [mpm_winnt:notice] [pid 13124:tid 596] AH00456: Apache Lounge VS16 Server built: Oct  7 2021 16:27:02
[Tue Nov 08 22:56:05.075021 2022] [core:notice] [pid 13124:tid 596] AH00094: Command line: 'c:\\users\\msop\\desktop\\pai\\xampp8\\apache\\bin\\httpd.exe -d C:/Users/Msop/Desktop/pai/xampp8/apache'
[Tue Nov 08 22:56:05.083823 2022] [mpm_winnt:notice] [pid 13124:tid 596] AH00418: Parent: Created child process 10396
[Tue Nov 08 22:56:05.562281 2022] [ssl:warn] [pid 10396:tid 604] AH01909: www.example.com:443:0 server certificate does NOT include an ID which matches the server name
[Tue Nov 08 22:56:05.647461 2022] [ssl:warn] [pid 10396:tid 604] AH01909: www.example.com:443:0 server certificate does NOT include an ID which matches the server name
[Tue Nov 08 22:56:05.707031 2022] [mpm_winnt:notice] [pid 10396:tid 604] AH00354: Child: Starting 150 worker threads.
[Tue Nov 08 22:56:07.871834 2022] [php:warn] [pid 10396:tid 1916] [client 127.0.0.1:65445] PHP Warning:  Undefined variable $dni_tygodnia in C:\\Users\\Msop\\Desktop\\pai\\xampp8\\htdocs\\pai\\module\\Application\\view\\application\\index\\data.phtml on line 7
[Tue Nov 08 22:56:07.871834 2022] [php:warn] [pid 10396:tid 1916] [client 127.0.0.1:65445] PHP Warning:  foreach() argument must be of type array|object, null given in C:\\Users\\Msop\\Desktop\\pai\\xampp8\\htdocs\\pai\\module\\Application\\view\\application\\index\\data.phtml on line 7
[Tue Nov 08 22:56:09.137385 2022] [php:warn] [pid 10396:tid 1916] [client 127.0.0.1:65445] PHP Warning:  Undefined variable $dni_tygodnia in C:\\Users\\Msop\\Desktop\\pai\\xampp8\\htdocs\\pai\\module\\Application\\view\\application\\index\\data.phtml on line 7
[Tue Nov 08 22:56:09.138420 2022] [php:warn] [pid 10396:tid 1916] [client 127.0.0.1:65445] PHP Warning:  foreach() argument must be of type array|object, null given in C:\\Users\\Msop\\Desktop\\pai\\xampp8\\htdocs\\pai\\module\\Application\\view\\application\\index\\data.phtml on line 7
[Tue Nov 08 22:56:21.122424 2022] [php:warn] [pid 10396:tid 1916] [client 127.0.0.1:65446] PHP Warning:  Undefined variable $dni_tygodnia in C:\\Users\\Msop\\Desktop\\pai\\xampp8\\htdocs\\pai\\module\\Application\\view\\application\\index\\data.phtml on line 7
[Tue Nov 08 22:56:21.122424 2022] [php:warn] [pid 10396:tid 1916] [client 127.0.0.1:65446] PHP Warning:  foreach() argument must be of type array|object, null given in C:\\Users\\Msop\\Desktop\\pai\\xampp8\\htdocs\\pai\\module\\Application\\view\\application\\index\\data.phtml on line 7
[Tue Nov 08 22:56:38.645804 2022] [php:warn] [pid 10396:tid 1916] [client 127.0.0.1:65447] PHP Warning:  Undefined variable $dni_tygodnia in C:\\Users\\Msop\\Desktop\\pai\\xampp8\\htdocs\\pai\\module\\Application\\view\\application\\index\\data.phtml on line 7
[Tue Nov 08 22:56:38.646805 2022] [php:warn] [pid 10396:tid 1916] [client 127.0.0.1:65447] PHP Warning:  foreach() argument must be of type array|object, null given in C:\\Users\\Msop\\Desktop\\pai\\xampp8\\htdocs\\pai\\module\\Application\\view\\application\\index\\data.phtml on line 7
[Tue Nov 08 22:56:40.941071 2022] [php:warn] [pid 10396:tid 1916] [client 127.0.0.1:65447] PHP Warning:  Undefined variable $dni_tygodnia in C:\\Users\\Msop\\Desktop\\pai\\xampp8\\htdocs\\pai\\module\\Application\\view\\application\\index\\data.phtml on line 7
[Tue Nov 08 22:56:40.941071 2022] [php:warn] [pid 10396:tid 1916] [client 127.0.0.1:65447] PHP Warning:  foreach() argument must be of type array|object, null given in C:\\Users\\Msop\\Desktop\\pai\\xampp8\\htdocs\\pai\\module\\Application\\view\\application\\index\\data.phtml on line 7
